<?xml version="1.0" encoding="UTF-8"?>
<!-- Generated by org.testng.reporters.JUnitReportReporter -->
<testsuite hostname="DESKTOP-166PC69" failures="0" tests="1" name="com.priceFlipkrt.testScripts.flipkrt_price" time="20.686" errors="0" timestamp="2024-04-16T09:03:44 IST" skipped="0">
  <testcase classname="com.priceFlipkrt.testScripts.flipkrt_price" name="flipkrtPrice" time="20.686"/>
</testsuite> <!-- com.priceFlipkrt.testScripts.flipkrt_price -->
