<?xml version="1.0" encoding="UTF-8"?>
<!-- Generated by org.testng.reporters.JUnitReportReporter -->
<testsuite hostname="DESKTOP-166PC69" failures="0" tests="1" name="com.shopper_stck.testScripts.delete_ddress_from_my_ddress" time="25.626" errors="0" timestamp="2024-04-18T09:18:43 IST" skipped="0">
  <testcase classname="com.shopper_stck.testScripts.delete_ddress_from_my_ddress" name="delete_ddress" time="25.626"/>
</testsuite> <!-- com.shopper_stck.testScripts.delete_ddress_from_my_ddress -->
